<?xml version="1.0" encoding="UTF-8"?>
<!-- Generated by org.testng.reporters.JUnitReportReporter -->
<testsuite hostname="Zeeshans-MacBook-Air.local" failures="0" tests="1" name="ZeeshanMalikAcademy.tests.ErrorValidation" time="18.422" errors="0" timestamp="2024-05-18T14:38:58 IST" skipped="0">
  <testcase classname="ZeeshanMalikAcademy.tests.ErrorValidation" name="submitOrder" time="18.422"/>
  <system-out/>
</testsuite> <!-- ZeeshanMalikAcademy.tests.ErrorValidation -->
