<?xml version="1.0" encoding="UTF-8"?>
<!-- Generated by org.testng.reporters.JUnitReportReporter -->
<testsuite hostname="Zeeshans-Air" failures="0" tests="1" name="cucumber.TestNGTestRunner" time="39.194" errors="0" timestamp="11 Jun 2024 11:23:57 GMT" skipped="0">
  <testcase classname="cucumber.TestNGTestRunner" name="runScenario" time="39.194"/>
</testsuite> <!-- cucumber.TestNGTestRunner -->
