<?xml version="1.0" encoding="UTF-8"?>
<!-- Generated by org.testng.reporters.JUnitReportReporter -->
<testsuite hostname="Zeeshans-MacBook-Air.local" failures="0" tests="3" name="SeleniumFrameworkDesign.testng.Demo" time="0.015" errors="0" timestamp="24 May 2024 13:15:38 GMT" skipped="0">
  <testcase classname="SeleniumFrameworkDesign.testng.Demo" name="mul" time="0.010"/>
  <testcase classname="SeleniumFrameworkDesign.testng.Demo" name="sub" time="0.002"/>
  <testcase classname="SeleniumFrameworkDesign.testng.Demo" name="add" time="0.003"/>
</testsuite> <!-- SeleniumFrameworkDesign.testng.Demo -->
