<?xml version="1.0" encoding="UTF-8"?>
<!-- Generated by org.testng.reporters.JUnitReportReporter -->
<testsuite hostname="Zeeshans-MacBook-Air.local" failures="0" tests="3" name="ZeeshanMalikAcademy.tests.SubmitOrderTest" time="243.743" errors="0" timestamp="04 Jun 2024 10:06:53 GMT" skipped="0">
  <testcase classname="ZeeshanMalikAcademy.tests.SubmitOrderTest" name="submitOrder" time="37.373"/>
  <testcase classname="ZeeshanMalikAcademy.tests.SubmitOrderTest" name="orderHistoryTest" time="35.778"/>
  <testcase classname="ZeeshanMalikAcademy.tests.SubmitOrderTest" name="submitOrder" time="170.592"/>
</testsuite> <!-- ZeeshanMalikAcademy.tests.SubmitOrderTest -->
