<?xml version="1.0" encoding="UTF-8"?>
<!-- Generated by org.testng.reporters.JUnitReportReporter -->
<testsuite hostname="Zeeshans-Air" failures="0" tests="2" name="ZeeshanMalikAcademy.tests.ErrorValidationTest" time="21.290" errors="0" timestamp="2024-06-12T14:03:01 IST" skipped="0">
  <testcase classname="ZeeshanMalikAcademy.tests.ErrorValidationTest" name="loginErrorValidation" time="10.636"/>
  <system-out/>
  <testcase classname="ZeeshanMalikAcademy.tests.ErrorValidationTest" name="productErrorValidation" time="10.654"/>
  <system-out/>
</testsuite> <!-- ZeeshanMalikAcademy.tests.ErrorValidationTest -->
