<?xml version="1.0" encoding="UTF-8"?>
<!-- Generated by org.testng.reporters.JUnitReportReporter -->
<testsuite hostname="Zeeshans-Air" failures="0" tests="3" name="ZeeshanMalikAcademy.tests.SubmitOrderTest" time="35.351" errors="0" timestamp="2024-06-12T14:03:01 IST" skipped="0">
  <testcase classname="ZeeshanMalikAcademy.tests.SubmitOrderTest" name="orderHistoryTest" time="3.631"/>
  <system-out/>
  <testcase classname="ZeeshanMalikAcademy.tests.SubmitOrderTest" name="submitOrder" time="14.774"/>
  <system-out/>
  <testcase classname="ZeeshanMalikAcademy.tests.SubmitOrderTest" name="submitOrder" time="16.946"/>
  <system-out/>
</testsuite> <!-- ZeeshanMalikAcademy.tests.SubmitOrderTest -->
